{
  "stats": {
    "suites": 2,
    "tests": 2,
    "passes": 2,
    "pending": 0,
    "failures": 0,
    "start": "2023-07-20T20:39:18.068Z",
    "end": "2023-07-20T20:39:20.365Z",
    "duration": 2297,
    "testsRegistered": 2,
    "passPercent": 100,
    "pendingPercent": 0,
    "other": 0,
    "hasOther": false,
    "skipped": 0,
    "hasSkipped": false
  },
  "results": [
    {
      "uuid": "cdd0edc4-f01d-49e2-86af-c0054f5860da",
      "title": "",
      "fullFile": "",
      "file": "",
      "beforeHooks": [],
      "afterHooks": [],
      "tests": [],
      "suites": [
        {
          "uuid": "da9eb5a5-59e5-4e69-8a65-3458667b6b93",
          "title": "add todo tests",
          "fullFile": "C:\\Users\\y266f\\SideProjects\\Selenium\\test\\firstTest.js",
          "file": "\\test\\firstTest.js",
          "beforeHooks": [],
          "afterHooks": [],
          "tests": [
            {
              "title": "successfully adds a todo to application",
              "fullTitle": "add todo tests successfully adds a todo to application",
              "timedOut": null,
              "duration": 1641,
              "state": "passed",
              "speed": "slow",
              "pass": true,
              "fail": false,
              "pending": false,
              "context": null,
              "code": "// launch the browser\nlet driver = await new Builder().forBrowser(\"chrome\").build();\n\n// navigate to our application\nawait driver.get(\"https://lambdatest.github.io/sample-todo-app\")\n\n// add a todo\nawait driver.findElement(By.id(\"sampletodotext\")).sendKeys(\"Learn Selenium\", Key.RETURN);\n//assert, checks if the test was done accurately. \nlet todoText = await driver.findElement(By.xpath(\"//li[last()]\")).getText().then(function (value) {\n    return value\n});\n//assert using chai should\ntodoText.should.equal(\"Learn Selenium\");\n// close the browser\nawait driver.quit();",
              "err": {},
              "uuid": "d4ec6c96-a5c4-438d-b83f-27a2911ee4b1",
              "parentUUID": null,
              "isHook": false,
              "skipped": false
            }
          ],
          "suites": [],
          "passes": [
            "d4ec6c96-a5c4-438d-b83f-27a2911ee4b1"
          ],
          "failures": [],
          "pending": [],
          "skipped": [],
          "duration": 1641,
          "root": false,
          "rootEmpty": false,
          "_timeout": null
        },
        {
          "uuid": "2db4e736-0257-4c0a-b128-75db0c9877a4",
          "title": "add another todo tests",
          "fullFile": "C:\\Users\\y266f\\SideProjects\\Selenium\\test\\secondTest copy.js",
          "file": "\\test\\secondTest copy.js",
          "beforeHooks": [],
          "afterHooks": [],
          "tests": [
            {
              "title": "successfully adds another a todo to application",
              "fullTitle": "add another todo tests successfully adds another a todo to application",
              "timedOut": null,
              "duration": 1880,
              "state": "passed",
              "speed": "slow",
              "pass": true,
              "fail": false,
              "pending": false,
              "context": null,
              "code": "// launch the browser\nlet driver = await new Builder().forBrowser(\"chrome\").build();\n\n// navigate to our application\nawait driver.get(\"https://lambdatest.github.io/sample-todo-app\")\n\n// add a todo\nawait driver.findElement(By.id(\"sampletodotext\")).sendKeys(\"Learn Selenium\", Key.RETURN);\n//assert, checks if the test was done accurately. \nlet todoText = await driver.findElement(By.xpath(\"//li[last()]\")).getText().then(function (value) {\n    return value\n});\n//assert using chai should\ntodoText.should.equal(\"Learn Selenium\");\n// close the browser\nawait driver.quit();",
              "err": {},
              "uuid": "0771ea64-a7e6-4920-818a-12d9da4263a3",
              "parentUUID": null,
              "isHook": false,
              "skipped": false
            }
          ],
          "suites": [],
          "passes": [
            "0771ea64-a7e6-4920-818a-12d9da4263a3"
          ],
          "failures": [],
          "pending": [],
          "skipped": [],
          "duration": 1880,
          "root": false,
          "rootEmpty": false,
          "_timeout": null
        }
      ],
      "passes": [],
      "failures": [],
      "pending": [],
      "skipped": [],
      "duration": 0,
      "root": true,
      "rootEmpty": true,
      "_timeout": 0
    }
  ],
  "meta": {
    "mocha": {
      "version": "10.2.0"
    },
    "mochawesome": {
      "options": {
        "quiet": false,
        "reportFilename": "mochawesome",
        "saveHtml": true,
        "saveJson": true,
        "consoleReporter": "spec",
        "useInlineDiffs": false,
        "code": true
      },
      "version": "7.1.3"
    },
    "marge": {
      "options": {
        "reportDir": "Users",
        "y266f": true,
        "SideProjects": true,
        "Selenium": true,
        "testReport": "customReportFilename"
      },
      "version": "6.2.0"
    }
  }
}